<?xml version="1.0" encoding="UTF-8"?>
<testsuite name="test.action.NomikaiActionTest" failures="0" tests="1" time="0.016" errors="0">
  <properties/>
  <testcase name="@BeforeSuite startSeam" time="0.0" classname="test.action.NomikaiActionTest">
    <failure type="org.jboss.deployers.client.spi.IncompleteDeploymentException" message="Summary of incomplete deployments (SEE PREVIOUS ERRORS FOR DETAILS):

*** CONTEXTS MISSING DEPENDENCIES: Name -&gt; Dependency{Required State:Actual State}

jboss.messaging.connectionfactory:service=ClusterPullConnectionFactory
 -&gt; jboss.messaging:service=PostOffice{Create:Configured}
 -&gt; jboss.messaging:service=PostOffice{Start:Configured}
 -&gt; jboss.messaging:service=ServerPeer{Start:Configured}
 -&gt; jboss.messaging:service=ServerPeer{Create:Configured}

jboss.messaging.connectionfactory:service=ClusteredConnectionFactory
 -&gt; jboss.messaging:service=PostOffice{Create:Configured}
 -&gt; jboss.messaging:service=ServerPeer{Start:Configured}
 -&gt; jboss.messaging:service=ServerPeer{Create:Configured}
 -&gt; jboss.messaging:service=PostOffice{Start:Configured}

jboss.messaging.connectionfactory:service=ConnectionFactory
 -&gt; jboss.messaging:service=PostOffice{Create:Configured}
 -&gt; jboss.messaging:service=ServerPeer{Create:Configured}
 -&gt; jboss.messaging:service=PostOffice{Start:Configured}
 -&gt; jboss.messaging:service=ServerPeer{Start:Configured}

jboss.messaging.destination:name=DLQ,service=Queue
 -&gt; jboss.messaging:service=ServerPeer{Create:Configured}
 -&gt; jboss.messaging:service=PostOffice{Create:Configured}
 -&gt; jboss.messaging:service=ServerPeer{Start:Configured}
 -&gt; jboss.messaging:service=PostOffice{Start:Configured}

jboss.messaging.destination:name=ExpiryQueue,service=Queue
 -&gt; jboss.messaging:service=PostOffice{Start:Configured}
 -&gt; jboss.messaging:service=ServerPeer{Create:Configured}
 -&gt; jboss.messaging:service=ServerPeer{Start:Configured}
 -&gt; jboss.messaging:service=PostOffice{Create:Configured}

jboss.messaging:service=JMSUserManager
 -&gt; jboss.jca:name=DefaultDS,service=DataSourceBinding{Create:** NOT FOUND **}
 -&gt; jboss.jca:name=DefaultDS,service=DataSourceBinding{Start:** NOT FOUND **}

jboss.messaging:service=PersistenceManager
 -&gt; jboss.jca:name=DefaultDS,service=DataSourceBinding{Create:** NOT FOUND **}
 -&gt; jboss.jca:name=DefaultDS,service=DataSourceBinding{Start:** NOT FOUND **}

jboss.messaging:service=PostOffice
 -&gt; jboss.messaging:service=ServerPeer{Create:Configured}
 -&gt; jboss.jca:name=DefaultDS,service=DataSourceBinding{Create:** NOT FOUND **}
 -&gt; jboss.messaging:service=ServerPeer{Start:Configured}
 -&gt; jboss.jca:name=DefaultDS,service=DataSourceBinding{Start:** NOT FOUND **}

jboss.messaging:service=ServerPeer
 -&gt; jboss.messaging:service=PersistenceManager{Start:Configured}
 -&gt; jboss.messaging:service=PersistenceManager{Create:Configured}
 -&gt; jboss.messaging:service=JMSUserManager{Start:Configured}
 -&gt; jboss.messaging:service=JMSUserManager{Create:Configured}

jboss.mq:service=DestinationManager
 -&gt; jboss.messaging:service=ServerPeer{Create:Configured}
 -&gt; jboss.messaging:service=ServerPeer{Start:Configured}


*** CONTEXTS IN ERROR: Name -&gt; Error

vfsfile:/C:/Documents%20and%20Settings/yukung/tech-reading/webapp-development-with-jboss-seam/seambook_nomikai-test/bootstrap/deploy/hsqldb-ds.xml -&gt; java.lang.IllegalStateException: No ConnectorMetaData found for mdf rarName: jboss-local-jdbc.rar

jboss.jca:name=DefaultDS,service=DataSourceBinding -&gt; ** NOT FOUND **

vfsfile:/C:/Documents%20and%20Settings/yukung/tech-reading/webapp-development-with-jboss-seam/seambook_nomikai-test/bootstrap/deploy/jms-ra.rar -&gt; java.io.FileNotFoundException: File does not exist: C:\Documents%20and%20Settings

vfsfile:/C:/Documents%20and%20Settings/yukung/tech-reading/webapp-development-with-jboss-seam/seambook_nomikai-test/bootstrap/deploy/messaging/jms-ds.xml -&gt; java.lang.IllegalStateException: No ConnectorMetaData found for mdf rarName: jms-ra.rar

vfsfile:/C:/Documents%20and%20Settings/yukung/tech-reading/webapp-development-with-jboss-seam/seambook_nomikai-test/bootstrap/deploy/jboss-xa-jdbc.rar -&gt; java.io.FileNotFoundException: File does not exist: C:\Documents%20and%20Settings

vfsfile:/C:/Documents%20and%20Settings/yukung/tech-reading/webapp-development-with-jboss-seam/seambook_nomikai-test/bootstrap/deploy/jboss-local-jdbc.rar -&gt; java.io.FileNotFoundException: File does not exist: C:\Documents%20and%20Settings

">
      <![CDATA[org.jboss.deployers.client.spi.IncompleteDeploymentException: Summary of incomplete deployments (SEE PREVIOUS ERRORS FOR DETAILS):

*** CONTEXTS MISSING DEPENDENCIES: Name -> Dependency{Required State:Actual State}

jboss.messaging.connectionfactory:service=ClusterPullConnectionFactory
 -> jboss.messaging:service=PostOffice{Create:Configured}
 -> jboss.messaging:service=PostOffice{Start:Configured}
 -> jboss.messaging:service=ServerPeer{Start:Configured}
 -> jboss.messaging:service=ServerPeer{Create:Configured}

jboss.messaging.connectionfactory:service=ClusteredConnectionFactory
 -> jboss.messaging:service=PostOffice{Create:Configured}
 -> jboss.messaging:service=ServerPeer{Start:Configured}
 -> jboss.messaging:service=ServerPeer{Create:Configured}
 -> jboss.messaging:service=PostOffice{Start:Configured}

jboss.messaging.connectionfactory:service=ConnectionFactory
 -> jboss.messaging:service=PostOffice{Create:Configured}
 -> jboss.messaging:service=ServerPeer{Create:Configured}
 -> jboss.messaging:service=PostOffice{Start:Configured}
 -> jboss.messaging:service=ServerPeer{Start:Configured}

jboss.messaging.destination:name=DLQ,service=Queue
 -> jboss.messaging:service=ServerPeer{Create:Configured}
 -> jboss.messaging:service=PostOffice{Create:Configured}
 -> jboss.messaging:service=ServerPeer{Start:Configured}
 -> jboss.messaging:service=PostOffice{Start:Configured}

jboss.messaging.destination:name=ExpiryQueue,service=Queue
 -> jboss.messaging:service=PostOffice{Start:Configured}
 -> jboss.messaging:service=ServerPeer{Create:Configured}
 -> jboss.messaging:service=ServerPeer{Start:Configured}
 -> jboss.messaging:service=PostOffice{Create:Configured}

jboss.messaging:service=JMSUserManager
 -> jboss.jca:name=DefaultDS,service=DataSourceBinding{Create:** NOT FOUND **}
 -> jboss.jca:name=DefaultDS,service=DataSourceBinding{Start:** NOT FOUND **}

jboss.messaging:service=PersistenceManager
 -> jboss.jca:name=DefaultDS,service=DataSourceBinding{Create:** NOT FOUND **}
 -> jboss.jca:name=DefaultDS,service=DataSourceBinding{Start:** NOT FOUND **}

jboss.messaging:service=PostOffice
 -> jboss.messaging:service=ServerPeer{Create:Configured}
 -> jboss.jca:name=DefaultDS,service=DataSourceBinding{Create:** NOT FOUND **}
 -> jboss.messaging:service=ServerPeer{Start:Configured}
 -> jboss.jca:name=DefaultDS,service=DataSourceBinding{Start:** NOT FOUND **}

jboss.messaging:service=ServerPeer
 -> jboss.messaging:service=PersistenceManager{Start:Configured}
 -> jboss.messaging:service=PersistenceManager{Create:Configured}
 -> jboss.messaging:service=JMSUserManager{Start:Configured}
 -> jboss.messaging:service=JMSUserManager{Create:Configured}

jboss.mq:service=DestinationManager
 -> jboss.messaging:service=ServerPeer{Create:Configured}
 -> jboss.messaging:service=ServerPeer{Start:Configured}


*** CONTEXTS IN ERROR: Name -> Error

vfsfile:/C:/Documents%20and%20Settings/yukung/tech-reading/webapp-development-with-jboss-seam/seambook_nomikai-test/bootstrap/deploy/hsqldb-ds.xml -> java.lang.IllegalStateException: No ConnectorMetaData found for mdf rarName: jboss-local-jdbc.rar

jboss.jca:name=DefaultDS,service=DataSourceBinding -> ** NOT FOUND **

vfsfile:/C:/Documents%20and%20Settings/yukung/tech-reading/webapp-development-with-jboss-seam/seambook_nomikai-test/bootstrap/deploy/jms-ra.rar -> java.io.FileNotFoundException: File does not exist: C:\Documents%20and%20Settings

vfsfile:/C:/Documents%20and%20Settings/yukung/tech-reading/webapp-development-with-jboss-seam/seambook_nomikai-test/bootstrap/deploy/messaging/jms-ds.xml -> java.lang.IllegalStateException: No ConnectorMetaData found for mdf rarName: jms-ra.rar

vfsfile:/C:/Documents%20and%20Settings/yukung/tech-reading/webapp-development-with-jboss-seam/seambook_nomikai-test/bootstrap/deploy/jboss-xa-jdbc.rar -> java.io.FileNotFoundException: File does not exist: C:\Documents%20and%20Settings

vfsfile:/C:/Documents%20and%20Settings/yukung/tech-reading/webapp-development-with-jboss-seam/seambook_nomikai-test/bootstrap/deploy/jboss-local-jdbc.rar -> java.io.FileNotFoundException: File does not exist: C:\Documents%20and%20Settings


	at org.jboss.deployers.plugins.deployers.DeployersImpl.checkComplete(DeployersImpl.java:576)
	at org.jboss.deployers.plugins.main.MainDeployerImpl.checkComplete(MainDeployerImpl.java:559)
	at org.jboss.embedded.Bootstrap.bootstrapURL(Bootstrap.java:149)
	at org.jboss.embedded.Bootstrap.bootstrap(Bootstrap.java:183)
	at org.jboss.embedded.Bootstrap.bootstrap(Bootstrap.java:195)
	at org.jboss.seam.mock.EmbeddedBootstrap.startAndDeployResources(EmbeddedBootstrap.java:11)
	at org.jboss.seam.mock.AbstractSeamTest.startJbossEmbeddedIfNecessary(AbstractSeamTest.java:1024)
	at org.jboss.seam.mock.AbstractSeamTest.startSeam(AbstractSeamTest.java:915)
	at org.jboss.seam.mock.SeamTest.startSeam(SeamTest.java:58)
... Removed 15 stack frames]]>
    </failure>
  </testcase>
  <testcase name="@BeforeClass setupClass" time="0.0" classname="test.action.NomikaiActionTest">
    <skipped/>
  </testcase>
  <testcase name="@BeforeMethod begin" time="0.0" classname="test.action.NomikaiActionTest">
    <skipped/>
  </testcase>
  <testcase name="@AfterMethod end" time="0.0" classname="test.action.NomikaiActionTest">
    <skipped/>
  </testcase>
  <testcase name="@AfterClass cleanupClass" time="0.0" classname="test.action.NomikaiActionTest">
    <skipped/>
  </testcase>
  <testcase name="testNomikaiAction" time="0.0" classname="test.action.NomikaiActionTest">
    <skipped/>
  </testcase>
</testsuite>
